<?xml version="1.0" encoding="UTF-8"?>
<coverage generated="1633890493835" clover="3.2.0">
  <project timestamp="1633890493836" name="All files">
    <metrics statements="7" coveredstatements="6" conditionals="4" coveredconditionals="3" methods="1" coveredmethods="1" elements="12" coveredelements="10" complexity="0" loc="7" ncloc="7" packages="1" files="1" classes="1"/>
    <file name="index.js" path="C:\Users\adzhu\WebstormProjects\JS-Course-Public\Lessons\Lesson 4. Functional Programming. OOP\Tasks\Task 1. ReorderDigits\index.js">
      <metrics statements="7" coveredstatements="6" conditionals="4" coveredconditionals="3" methods="1" coveredmethods="1"/>
      <line num="1" count="1" type="stmt"/>
      <line num="3" count="3" type="cond" truecount="2" falsecount="0"/>
      <line num="5" count="2" type="stmt"/>
      <line num="7" count="1" type="cond" truecount="1" falsecount="1"/>
      <line num="9" count="1" type="stmt"/>
      <line num="13" count="0" type="stmt"/>
      <line num="18" count="1" type="stmt"/>
    </file>
  </project>
</coverage>
