{"C:\\Users\\adzhu\\WebstormProjects\\JS-Course-Public\\Lessons\\Lesson 4. Functional Programming. OOP\\Tasks\\Task 1. ReorderDigits\\index.js": {"path":"C:\\Users\\adzhu\\WebstormProjects\\JS-Course-Public\\Lessons\\Lesson 4. Functional Programming. OOP\\Tasks\\Task 1. ReorderDigits\\index.js","statementMap":{"0":{"start":{"line":1,"column":22},"end":{"line":16,"column":1}},"1":{"start":{"line":3,"column":4},"end":{"line":14,"column":5}},"2":{"start":{"line":5,"column":8},"end":{"line":5,"column":27}},"3":{"start":{"line":7,"column":9},"end":{"line":14,"column":5}},"4":{"start":{"line":9,"column":8},"end":{"line":9,"column":27}},"5":{"start":{"line":13,"column":8},"end":{"line":13,"column":19}},"6":{"start":{"line":18,"column":0},"end":{"line":18,"column":31}}},"fnMap":{"0":{"name":"(anonymous_0)","decl":{"start":{"line":1,"column":22},"end":{"line":1,"column":23}},"loc":{"start":{"line":1,"column":36},"end":{"line":16,"column":1}},"line":1}},"branchMap":{"0":{"loc":{"start":{"line":3,"column":4},"end":{"line":14,"column":5}},"type":"if","locations":[{"start":{"line":3,"column":4},"end":{"line":14,"column":5}},{"start":{"line":3,"column":4},"end":{"line":14,"column":5}}],"line":3},"1":{"loc":{"start":{"line":7,"column":9},"end":{"line":14,"column":5}},"type":"if","locations":[{"start":{"line":7,"column":9},"end":{"line":14,"column":5}},{"start":{"line":7,"column":9},"end":{"line":14,"column":5}}],"line":7}},"s":{"0":1,"1":3,"2":2,"3":1,"4":1,"5":0,"6":1},"f":{"0":3},"b":{"0":[2,1],"1":[1,0]},"_coverageSchema":"1a1c01bbd47fc00a2c39e90264f33305004495a9","hash":"b3192852393b61181cb1722bd5c975d3ccefdfcb"}
}
